{
  "0 debug pnpm:scope": {
    "selected": 1
  },
  "1 info pnpm": {
    "err": {
      "name": "Error",
      "message": "not found: -g",
      "code": "ENOENT",
      "stack": "Error: not found: -g\n    at getNotFoundError (C:\\Users\\DoBBi\\AppData\\Roaming\\npm\\pnpm-global\\5\\node_modules\\.pnpm\\pnpm@6.24.2\\node_modules\\pnpm\\dist\\pnpm.cjs:41440:51)\n    at Function.whichSync [as sync] (C:\\Users\\DoBBi\\AppData\\Roaming\\npm\\pnpm-global\\5\\node_modules\\.pnpm\\pnpm@6.24.2\\node_modules\\pnpm\\dist\\pnpm.cjs:41517:13)\n    at getCommandAbsolutePathSync (C:\\Users\\DoBBi\\AppData\\Roaming\\npm\\pnpm-global\\5\\node_modules\\.pnpm\\pnpm@6.24.2\\node_modules\\pnpm\\dist\\pnpm.cjs:43082:44)\n    at default_1 (C:\\Users\\DoBBi\\AppData\\Roaming\\npm\\pnpm-global\\5\\node_modules\\.pnpm\\pnpm@6.24.2\\node_modules\\pnpm\\dist\\pnpm.cjs:43091:32)\n    at C:\\Users\\DoBBi\\AppData\\Roaming\\npm\\pnpm-global\\5\\node_modules\\.pnpm\\pnpm@6.24.2\\node_modules\\pnpm\\dist\\pnpm.cjs:179675:39"
    }
  },
  "2 error pnpm": {
    "code": "ERR_PNPM_RECURSIVE_EXEC_FIRST_FAIL",
    "prefix": "C:\\Users\\DoBBi\\AppData\\Roaming\\npm\\pnpm-global\\5",
    "err": {
      "name": "pnpm",
      "message": "not found: -g",
      "code": "ERR_PNPM_RECURSIVE_EXEC_FIRST_FAIL",
      "stack": "Error: not found: -g\n    at getNotFoundError (C:\\Users\\DoBBi\\AppData\\Roaming\\npm\\pnpm-global\\5\\node_modules\\.pnpm\\pnpm@6.24.2\\node_modules\\pnpm\\dist\\pnpm.cjs:41440:51)\n    at Function.whichSync [as sync] (C:\\Users\\DoBBi\\AppData\\Roaming\\npm\\pnpm-global\\5\\node_modules\\.pnpm\\pnpm@6.24.2\\node_modules\\pnpm\\dist\\pnpm.cjs:41517:13)\n    at getCommandAbsolutePathSync (C:\\Users\\DoBBi\\AppData\\Roaming\\npm\\pnpm-global\\5\\node_modules\\.pnpm\\pnpm@6.24.2\\node_modules\\pnpm\\dist\\pnpm.cjs:43082:44)\n    at default_1 (C:\\Users\\DoBBi\\AppData\\Roaming\\npm\\pnpm-global\\5\\node_modules\\.pnpm\\pnpm@6.24.2\\node_modules\\pnpm\\dist\\pnpm.cjs:43091:32)\n    at C:\\Users\\DoBBi\\AppData\\Roaming\\npm\\pnpm-global\\5\\node_modules\\.pnpm\\pnpm@6.24.2\\node_modules\\pnpm\\dist\\pnpm.cjs:179675:39"
    }
  }
}